Exporter version: 5.3.-1, Blender version: 2.78 (sub 0)
========= Conversion from Blender to Babylon.js =========
	Scene settings used:
		selected layers only:  false
		flat shading entire scene:  false
		inline textures:  false
		texture directory:  /Users/cdhu/lighthouse/LHL-Final/
	Python World class constructor completed
	processing begun of mesh:  Mesh.211
		processing begun of Standard material:  V2_Batman_Cape_Mat_INST_1
		num positions      :  1030
		num normals        :  1030
		num uvs            :  2060
		num uvs2           :  0
		num colors         :  0
		num indices        :  5718
	processing begun of mesh:  Mesh.074
		processing begun of Standard material:  Batman_Armoured_Head_Mat
		processing begun of Standard material:  BatmanEye_Mat
		processing begun of Standard material:  Material.001
		processing begun of multimaterial:  batman.Multimaterial#0
		num positions      :  3339
		num normals        :  3339
		num uvs            :  6678
		num uvs2           :  0
		num colors         :  0
		num indices        :  16230
	processing begun of mesh:  Mesh.017
		registered as also a user of material:  Batman_Armoured_Head_Mat
		processing begun of Standard material:  Batman_Armoured_Body_Mat
		processing begun of Standard material:  Material.002
		processing begun of Standard material:  Material.003
		processing begun of Standard material:  Material.004
		processing begun of multimaterial:  batman.Multimaterial#1
		num positions      :  37220
		num normals        :  37220
		num uvs            :  74440
		num uvs2           :  0
		num colors         :  0
		num indices        :  167856
		WARNING: # of 0 area faces found:  4
	processing begun of camera (UniversalCamera):  Camera
	processing begun of light (POINT):  Lamp.001
	processing begun of light (POINT):  Lamp
========= Writing of scene file started =========
========= Writing of scene file completed =========
========= end of processing =========
elapsed time:  0 min, 4.389 secs
